<?xml version="1.0" encoding="UTF-8"?>
<testng-results ignored="0" total="6" passed="6" failed="0" skipped="0">
  <reporter-output>
  </reporter-output>
  <suite started-at="2020-10-22T02:30:31Z" name="SuiteFromXML" finished-at="2020-10-22T02:31:00Z" duration-ms="28968">
    <groups>
    </groups>
    <test started-at="2020-10-22T02:30:31Z" name="Search in Chrome" finished-at="2020-10-22T02:30:48Z" duration-ms="17308">
      <class name="tests.GoogleSearchTest">
        <test-method is-config="true" signature="setup(java.lang.String)[pri:0, instance:tests.GoogleSearchTest@41f4fe5]" started-at="2020-10-22T02:30:31Z" name="setup" finished-at="2020-10-22T02:30:36Z" duration-ms="4815" status="PASS">
          <params>
            <param index="0">
              <value>
                <![CDATA[Chrome]]>
              </value>
            </param>
          </params>
          <reporter-output>
          </reporter-output>
        </test-method> <!-- setup -->
        <test-method signature="tc_03_searchValue()[pri:1, instance:tests.GoogleSearchTest@41f4fe5]" started-at="2020-10-22T02:30:36Z" name="tc_03_searchValue" finished-at="2020-10-22T02:30:44Z" duration-ms="7792" status="PASS">
          <reporter-output>
          </reporter-output>
        </test-method> <!-- tc_03_searchValue -->
        <test-method signature="tc_01_searchValue()[pri:2, instance:tests.GoogleSearchTest@41f4fe5]" started-at="2020-10-22T02:30:44Z" name="tc_01_searchValue" finished-at="2020-10-22T02:30:46Z" duration-ms="1927" status="PASS">
          <reporter-output>
          </reporter-output>
        </test-method> <!-- tc_01_searchValue -->
        <test-method signature="tc_02_searchValue()[pri:3, instance:tests.GoogleSearchTest@41f4fe5]" started-at="2020-10-22T02:30:46Z" name="tc_02_searchValue" finished-at="2020-10-22T02:30:48Z" duration-ms="2027" status="PASS">
          <reporter-output>
          </reporter-output>
        </test-method> <!-- tc_02_searchValue -->
        <test-method is-config="true" signature="finishTest()[pri:0, instance:tests.GoogleSearchTest@41f4fe5]" started-at="2020-10-22T02:30:48Z" name="finishTest" finished-at="2020-10-22T02:30:48Z" duration-ms="257" status="PASS">
          <reporter-output>
          </reporter-output>
        </test-method> <!-- finishTest -->
      </class> <!-- tests.GoogleSearchTest -->
    </test> <!-- Search in Chrome -->
    <test started-at="2020-10-22T02:30:48Z" name="Search in FF" finished-at="2020-10-22T02:31:00Z" duration-ms="11580">
      <class name="tests.GoogleSearchTest">
        <test-method is-config="true" signature="setup(java.lang.String)[pri:0, instance:tests.GoogleSearchTest@7ea899a9]" started-at="2020-10-22T02:30:48Z" name="setup" finished-at="2020-10-22T02:30:53Z" duration-ms="5055" status="PASS">
          <params>
            <param index="0">
              <value>
                <![CDATA[FF]]>
              </value>
            </param>
          </params>
          <reporter-output>
          </reporter-output>
        </test-method> <!-- setup -->
        <test-method signature="tc_03_searchValue()[pri:1, instance:tests.GoogleSearchTest@7ea899a9]" started-at="2020-10-22T02:30:53Z" name="tc_03_searchValue" finished-at="2020-10-22T02:30:55Z" duration-ms="1788" status="PASS">
          <reporter-output>
          </reporter-output>
        </test-method> <!-- tc_03_searchValue -->
        <test-method signature="tc_01_searchValue()[pri:2, instance:tests.GoogleSearchTest@7ea899a9]" started-at="2020-10-22T02:30:55Z" name="tc_01_searchValue" finished-at="2020-10-22T02:30:57Z" duration-ms="1850" status="PASS">
          <reporter-output>
          </reporter-output>
        </test-method> <!-- tc_01_searchValue -->
        <test-method signature="tc_02_searchValue()[pri:3, instance:tests.GoogleSearchTest@7ea899a9]" started-at="2020-10-22T02:30:57Z" name="tc_02_searchValue" finished-at="2020-10-22T02:30:59Z" duration-ms="1816" status="PASS">
          <reporter-output>
          </reporter-output>
        </test-method> <!-- tc_02_searchValue -->
        <test-method is-config="true" signature="finishTest()[pri:0, instance:tests.GoogleSearchTest@7ea899a9]" started-at="2020-10-22T02:30:59Z" name="finishTest" finished-at="2020-10-22T02:31:00Z" duration-ms="1049" status="PASS">
          <reporter-output>
          </reporter-output>
        </test-method> <!-- finishTest -->
        <test-method is-config="true" signature="afterSuite()[pri:0, instance:tests.GoogleSearchTest@7ea899a9]" started-at="2020-10-22T02:31:00Z" name="afterSuite" finished-at="2020-10-22T02:31:00Z" duration-ms="1" status="PASS">
          <reporter-output>
          </reporter-output>
        </test-method> <!-- afterSuite -->
      </class> <!-- tests.GoogleSearchTest -->
    </test> <!-- Search in FF -->
  </suite> <!-- SuiteFromXML -->
</testng-results>
