<?xml version="1.0" encoding="UTF-8"?>
<!-- Generated by org.testng.reporters.JUnitXMLReporter -->
<testsuite ignored="0" hostname="MacBook-Air-ILIA.local" failures="0" tests="3" name="Search in Chrome" time="17.308" errors="0" timestamp="22 Oct 2020 02:30:48 GMT">
  <testcase classname="tests.GoogleSearchTest" name="tc_03_searchValue" time="7.792"/>
  <testcase classname="tests.GoogleSearchTest" name="tc_01_searchValue" time="1.927"/>
  <testcase classname="tests.GoogleSearchTest" name="tc_02_searchValue" time="2.027"/>
</testsuite> <!-- Search in Chrome -->
