<?xml version="1.0" encoding="UTF-8"?>
<!-- Generated by org.testng.reporters.JUnitXMLReporter -->
<testsuite ignored="0" hostname="MacBook-Air-ILIA.local" failures="0" tests="3" name="Search in FF" time="11.58" errors="0" timestamp="22 Oct 2020 02:31:00 GMT">
  <testcase classname="tests.GoogleSearchTest" name="tc_03_searchValue" time="1.788"/>
  <testcase classname="tests.GoogleSearchTest" name="tc_01_searchValue" time="1.85"/>
  <testcase classname="tests.GoogleSearchTest" name="tc_02_searchValue" time="1.816"/>
</testsuite> <!-- Search in FF -->
