<?xml version="1.0" encoding="UTF-8"?>
<!-- Generated by org.testng.reporters.JUnitXMLReporter -->
<testsuite hostname="Air-ILIA" ignored="0" name="Search in FF" tests="3" failures="0" timestamp="23 Oct 2020 03:37:01 GMT" time="15.954" errors="0">
  <testcase name="tc_03_searchValue" time="2.817" classname="tests.GoogleSearchTest"/>
  <testcase name="tc_01_searchValue" time="2.315" classname="tests.GoogleSearchTest"/>
  <testcase name="tc_02_searchValue" time="3.265" classname="tests.GoogleSearchTest"/>
</testsuite> <!-- Search in FF -->
