<?xml version="1.0" encoding="UTF-8"?>
<!-- Generated by org.testng.reporters.JUnitXMLReporter -->
<testsuite hostname="Air-ILIA" ignored="0" name="Search in Chrome" tests="3" failures="0" timestamp="23 Oct 2020 03:36:45 GMT" time="16.909" errors="0">
  <testcase name="tc_03_searchValue" time="5.696" classname="tests.GoogleSearchTest"/>
  <testcase name="tc_01_searchValue" time="2.883" classname="tests.GoogleSearchTest"/>
  <testcase name="tc_02_searchValue" time="1.953" classname="tests.GoogleSearchTest"/>
</testsuite> <!-- Search in Chrome -->
